[GIN-debug] [WARNING] Creating an Engine instance with the Logger and Recovery middleware already attached.

[GIN-debug] [WARNING] Running in "debug" mode. Switch to "release" mode in production.
 - using env:	export GIN_MODE=release
 - using code:	gin.SetMode(gin.ReleaseMode)

[GIN-debug] GET    /                         --> github.com/icoder-new/reporter/internal/handler.(*Handler).InitRoutes.func1 (5 handlers)
[GIN-debug] POST   /api/v1/auth/register     --> github.com/icoder-new/reporter/internal/handler.(*Handler).SignUp-fm (5 handlers)
[GIN-debug] POST   /api/v1/auth/login        --> github.com/icoder-new/reporter/internal/handler.(*Handler).signIn-fm (5 handlers)
[GIN-debug] GET    /api/v1/user/             --> github.com/icoder-new/reporter/internal/handler.(*Handler).GetUser-fm (6 handlers)
[GIN-debug] PUT    /api/v1/user/             --> github.com/icoder-new/reporter/internal/handler.(*Handler).UpdateUser-fm (6 handlers)
[GIN-debug] GET    /api/v1/user/restore      --> github.com/icoder-new/reporter/internal/handler.(*Handler).RestoreUser-fm (6 handlers)
[GIN-debug] DELETE /api/v1/user/delete       --> github.com/icoder-new/reporter/internal/handler.(*Handler).DeleteUser-fm (6 handlers)
[GIN-debug] PATCH  /api/v1/user/change       --> github.com/icoder-new/reporter/internal/handler.(*Handler).ChangePictureUser-fm (6 handlers)
[GIN-debug] PATCH  /api/v1/user/upload       --> github.com/icoder-new/reporter/internal/handler.(*Handler).UploadUserPicture-fm (6 handlers)
[GIN-debug] GET    /api/v1/account/          --> github.com/icoder-new/reporter/internal/handler.(*Handler).GetAllAccounts-fm (6 handlers)
[GIN-debug] GET    /api/v1/account/:id       --> github.com/icoder-new/reporter/internal/handler.(*Handler).GetAccount-fm (6 handlers)
[GIN-debug] POST   /api/v1/account/          --> github.com/icoder-new/reporter/internal/handler.(*Handler).CreateAccount-fm (6 handlers)
[GIN-debug] PUT    /api/v1/account/:id       --> github.com/icoder-new/reporter/internal/handler.(*Handler).UpdateAccount-fm (6 handlers)
[GIN-debug] GET    /api/v1/account/:id/restore --> github.com/icoder-new/reporter/internal/handler.(*Handler).RestoreAccount-fm (6 handlers)
[GIN-debug] DELETE /api/v1/account/:id       --> github.com/icoder-new/reporter/internal/handler.(*Handler).DeleteAccount-fm (6 handlers)
[GIN-debug] PATCH  /api/v1/account/:id/change --> github.com/icoder-new/reporter/internal/handler.(*Handler).ChangePictureAccount-fm (6 handlers)
[GIN-debug] PATCH  /api/v1/account/:id/upload --> github.com/icoder-new/reporter/internal/handler.(*Handler).UploadAccountPicture-fm (6 handlers)
[GIN-debug] POST   /api/v1/category/         --> github.com/icoder-new/reporter/internal/handler.(*Handler).CreateCategory-fm (5 handlers)
[GIN-debug] GET    /api/v1/category/         --> github.com/icoder-new/reporter/internal/handler.(*Handler).GetCategories-fm (5 handlers)
[GIN-debug] GET    /api/v1/category/:id      --> github.com/icoder-new/reporter/internal/handler.(*Handler).GetCategory-fm (5 handlers)
[GIN-debug] PUT    /api/v1/category/:id      --> github.com/icoder-new/reporter/internal/handler.(*Handler).UpdateCategory-fm (5 handlers)
[GIN-debug] PATCH  /api/v1/category/:id/upload --> github.com/icoder-new/reporter/internal/handler.(*Handler).UploadPictureCategory-fm (5 handlers)
[GIN-debug] PATCH  /api/v1/category/:id/change --> github.com/icoder-new/reporter/internal/handler.(*Handler).ChangePictureCategory-fm (5 handlers)
[GIN-debug] DELETE /api/v1/category/:id/delete --> github.com/icoder-new/reporter/internal/handler.(*Handler).DeleteCategory-fm (5 handlers)
[GIN-debug] GET    /api/v1/category/:id/restore --> github.com/icoder-new/reporter/internal/handler.(*Handler).RestoreCategory-fm (5 handlers)
[GIN-debug] GET    /api/v1/transaction/      --> github.com/icoder-new/reporter/internal/handler.(*Handler).GetTransactions-fm (6 handlers)
[GIN-debug] GET    /api/v1/transaction/:id   --> github.com/icoder-new/reporter/internal/handler.(*Handler).GetTransaction-fm (6 handlers)
[GIN-debug] POST   /api/v1/transaction/      --> github.com/icoder-new/reporter/internal/handler.(*Handler).CreateTransaction-fm (6 handlers)
[GIN-debug] PATCH  /api/v1/transaction/      --> github.com/icoder-new/reporter/internal/handler.(*Handler).UpdateTransaction-fm (6 handlers)
[GIN-debug] POST   /api/v1/report/?page      --> github.com/icoder-new/reporter/internal/handler.(*Handler).GetReport-fm (6 handlers)
[GIN-debug] [WARNING] Creating an Engine instance with the Logger and Recovery middleware already attached.

[GIN-debug] [WARNING] Running in "debug" mode. Switch to "release" mode in production.
 - using env:	export GIN_MODE=release
 - using code:	gin.SetMode(gin.ReleaseMode)

[GIN-debug] GET    /                         --> github.com/icoder-new/reporter/internal/handler.(*Handler).InitRoutes.func1 (5 handlers)
[GIN-debug] POST   /api/v1/auth/register     --> github.com/icoder-new/reporter/internal/handler.(*Handler).SignUp-fm (5 handlers)
[GIN-debug] POST   /api/v1/auth/login        --> github.com/icoder-new/reporter/internal/handler.(*Handler).signIn-fm (5 handlers)
[GIN-debug] GET    /api/v1/user/             --> github.com/icoder-new/reporter/internal/handler.(*Handler).GetUser-fm (6 handlers)
[GIN-debug] PUT    /api/v1/user/             --> github.com/icoder-new/reporter/internal/handler.(*Handler).UpdateUser-fm (6 handlers)
[GIN-debug] GET    /api/v1/user/restore      --> github.com/icoder-new/reporter/internal/handler.(*Handler).RestoreUser-fm (6 handlers)
[GIN-debug] DELETE /api/v1/user/delete       --> github.com/icoder-new/reporter/internal/handler.(*Handler).DeleteUser-fm (6 handlers)
[GIN-debug] PATCH  /api/v1/user/change       --> github.com/icoder-new/reporter/internal/handler.(*Handler).ChangePictureUser-fm (6 handlers)
[GIN-debug] PATCH  /api/v1/user/upload       --> github.com/icoder-new/reporter/internal/handler.(*Handler).UploadUserPicture-fm (6 handlers)
[GIN-debug] GET    /api/v1/account/          --> github.com/icoder-new/reporter/internal/handler.(*Handler).GetAllAccounts-fm (6 handlers)
[GIN-debug] GET    /api/v1/account/:id       --> github.com/icoder-new/reporter/internal/handler.(*Handler).GetAccount-fm (6 handlers)
[GIN-debug] POST   /api/v1/account/          --> github.com/icoder-new/reporter/internal/handler.(*Handler).CreateAccount-fm (6 handlers)
[GIN-debug] PUT    /api/v1/account/:id       --> github.com/icoder-new/reporter/internal/handler.(*Handler).UpdateAccount-fm (6 handlers)
[GIN-debug] GET    /api/v1/account/:id/restore --> github.com/icoder-new/reporter/internal/handler.(*Handler).RestoreAccount-fm (6 handlers)
[GIN-debug] DELETE /api/v1/account/:id       --> github.com/icoder-new/reporter/internal/handler.(*Handler).DeleteAccount-fm (6 handlers)
[GIN-debug] PATCH  /api/v1/account/:id/change --> github.com/icoder-new/reporter/internal/handler.(*Handler).ChangePictureAccount-fm (6 handlers)
[GIN-debug] PATCH  /api/v1/account/:id/upload --> github.com/icoder-new/reporter/internal/handler.(*Handler).UploadAccountPicture-fm (6 handlers)
[GIN-debug] POST   /api/v1/category/         --> github.com/icoder-new/reporter/internal/handler.(*Handler).CreateCategory-fm (5 handlers)
[GIN-debug] GET    /api/v1/category/         --> github.com/icoder-new/reporter/internal/handler.(*Handler).GetCategories-fm (5 handlers)
[GIN-debug] GET    /api/v1/category/:id      --> github.com/icoder-new/reporter/internal/handler.(*Handler).GetCategory-fm (5 handlers)
[GIN-debug] PUT    /api/v1/category/:id      --> github.com/icoder-new/reporter/internal/handler.(*Handler).UpdateCategory-fm (5 handlers)
[GIN-debug] PATCH  /api/v1/category/:id/upload --> github.com/icoder-new/reporter/internal/handler.(*Handler).UploadPictureCategory-fm (5 handlers)
[GIN-debug] PATCH  /api/v1/category/:id/change --> github.com/icoder-new/reporter/internal/handler.(*Handler).ChangePictureCategory-fm (5 handlers)
[GIN-debug] DELETE /api/v1/category/:id/delete --> github.com/icoder-new/reporter/internal/handler.(*Handler).DeleteCategory-fm (5 handlers)
[GIN-debug] GET    /api/v1/category/:id/restore --> github.com/icoder-new/reporter/internal/handler.(*Handler).RestoreCategory-fm (5 handlers)
[GIN-debug] GET    /api/v1/transaction/      --> github.com/icoder-new/reporter/internal/handler.(*Handler).GetTransactions-fm (6 handlers)
[GIN-debug] GET    /api/v1/transaction/:id   --> github.com/icoder-new/reporter/internal/handler.(*Handler).GetTransaction-fm (6 handlers)
[GIN-debug] POST   /api/v1/transaction/      --> github.com/icoder-new/reporter/internal/handler.(*Handler).CreateTransaction-fm (6 handlers)
[GIN-debug] PATCH  /api/v1/transaction/      --> github.com/icoder-new/reporter/internal/handler.(*Handler).UpdateTransaction-fm (6 handlers)
[GIN-debug] POST   /api/v1/report/?page      --> github.com/icoder-new/reporter/internal/handler.(*Handler).GetReport-fm (6 handlers)
[GIN-debug] [WARNING] Creating an Engine instance with the Logger and Recovery middleware already attached.

[GIN-debug] [WARNING] Running in "debug" mode. Switch to "release" mode in production.
 - using env:	export GIN_MODE=release
 - using code:	gin.SetMode(gin.ReleaseMode)

[GIN-debug] GET    /                         --> github.com/f1rdavsi/reporter/internal/handler.(*Handler).InitRoutes.func1 (5 handlers)
[GIN-debug] POST   /api/v1/auth/register     --> github.com/f1rdavsi/reporter/internal/handler.(*Handler).SignUp-fm (5 handlers)
[GIN-debug] POST   /api/v1/auth/login        --> github.com/f1rdavsi/reporter/internal/handler.(*Handler).signIn-fm (5 handlers)
[GIN-debug] GET    /api/v1/user/             --> github.com/f1rdavsi/reporter/internal/handler.(*Handler).GetUser-fm (6 handlers)
[GIN-debug] PUT    /api/v1/user/             --> github.com/f1rdavsi/reporter/internal/handler.(*Handler).UpdateUser-fm (6 handlers)
[GIN-debug] GET    /api/v1/user/restore      --> github.com/f1rdavsi/reporter/internal/handler.(*Handler).RestoreUser-fm (6 handlers)
[GIN-debug] DELETE /api/v1/user/delete       --> github.com/f1rdavsi/reporter/internal/handler.(*Handler).DeleteUser-fm (6 handlers)
[GIN-debug] PATCH  /api/v1/user/change       --> github.com/f1rdavsi/reporter/internal/handler.(*Handler).ChangePictureUser-fm (6 handlers)
[GIN-debug] PATCH  /api/v1/user/upload       --> github.com/f1rdavsi/reporter/internal/handler.(*Handler).UploadUserPicture-fm (6 handlers)
[GIN-debug] GET    /api/v1/account/          --> github.com/f1rdavsi/reporter/internal/handler.(*Handler).GetAllAccounts-fm (6 handlers)
[GIN-debug] GET    /api/v1/account/:id       --> github.com/f1rdavsi/reporter/internal/handler.(*Handler).GetAccount-fm (6 handlers)
[GIN-debug] POST   /api/v1/account/          --> github.com/f1rdavsi/reporter/internal/handler.(*Handler).CreateAccount-fm (6 handlers)
[GIN-debug] PUT    /api/v1/account/:id       --> github.com/f1rdavsi/reporter/internal/handler.(*Handler).UpdateAccount-fm (6 handlers)
[GIN-debug] GET    /api/v1/account/:id/restore --> github.com/f1rdavsi/reporter/internal/handler.(*Handler).RestoreAccount-fm (6 handlers)
[GIN-debug] DELETE /api/v1/account/:id       --> github.com/f1rdavsi/reporter/internal/handler.(*Handler).DeleteAccount-fm (6 handlers)
[GIN-debug] PATCH  /api/v1/account/:id/change --> github.com/f1rdavsi/reporter/internal/handler.(*Handler).ChangePictureAccount-fm (6 handlers)
[GIN-debug] PATCH  /api/v1/account/:id/upload --> github.com/f1rdavsi/reporter/internal/handler.(*Handler).UploadAccountPicture-fm (6 handlers)
[GIN-debug] POST   /api/v1/category/         --> github.com/f1rdavsi/reporter/internal/handler.(*Handler).CreateCategory-fm (5 handlers)
[GIN-debug] GET    /api/v1/category/         --> github.com/f1rdavsi/reporter/internal/handler.(*Handler).GetCategories-fm (5 handlers)
[GIN-debug] GET    /api/v1/category/:id      --> github.com/f1rdavsi/reporter/internal/handler.(*Handler).GetCategory-fm (5 handlers)
[GIN-debug] PUT    /api/v1/category/:id      --> github.com/f1rdavsi/reporter/internal/handler.(*Handler).UpdateCategory-fm (5 handlers)
[GIN-debug] PATCH  /api/v1/category/:id/upload --> github.com/f1rdavsi/reporter/internal/handler.(*Handler).UploadPictureCategory-fm (5 handlers)
[GIN-debug] PATCH  /api/v1/category/:id/change --> github.com/f1rdavsi/reporter/internal/handler.(*Handler).ChangePictureCategory-fm (5 handlers)
[GIN-debug] DELETE /api/v1/category/:id/delete --> github.com/f1rdavsi/reporter/internal/handler.(*Handler).DeleteCategory-fm (5 handlers)
[GIN-debug] GET    /api/v1/category/:id/restore --> github.com/f1rdavsi/reporter/internal/handler.(*Handler).RestoreCategory-fm (5 handlers)
[GIN-debug] GET    /api/v1/transaction/      --> github.com/f1rdavsi/reporter/internal/handler.(*Handler).GetTransactions-fm (6 handlers)
[GIN-debug] GET    /api/v1/transaction/:id   --> github.com/f1rdavsi/reporter/internal/handler.(*Handler).GetTransaction-fm (6 handlers)
[GIN-debug] POST   /api/v1/transaction/      --> github.com/f1rdavsi/reporter/internal/handler.(*Handler).CreateTransaction-fm (6 handlers)
[GIN-debug] PATCH  /api/v1/transaction/      --> github.com/f1rdavsi/reporter/internal/handler.(*Handler).UpdateTransaction-fm (6 handlers)
[GIN-debug] POST   /api/v1/report/?page      --> github.com/f1rdavsi/reporter/internal/handler.(*Handler).GetReport-fm (6 handlers)
[GIN-debug] [WARNING] Creating an Engine instance with the Logger and Recovery middleware already attached.

[GIN-debug] [WARNING] Running in "debug" mode. Switch to "release" mode in production.
 - using env:	export GIN_MODE=release
 - using code:	gin.SetMode(gin.ReleaseMode)

[GIN-debug] GET    /                         --> github.com/f1rdavsi/reporter/internal/handler.(*Handler).InitRoutes.func1 (5 handlers)
[GIN-debug] POST   /api/v1/auth/register     --> github.com/f1rdavsi/reporter/internal/handler.(*Handler).SignUp-fm (5 handlers)
[GIN-debug] POST   /api/v1/auth/login        --> github.com/f1rdavsi/reporter/internal/handler.(*Handler).signIn-fm (5 handlers)
[GIN-debug] GET    /api/v1/user/             --> github.com/f1rdavsi/reporter/internal/handler.(*Handler).GetUser-fm (6 handlers)
[GIN-debug] PUT    /api/v1/user/             --> github.com/f1rdavsi/reporter/internal/handler.(*Handler).UpdateUser-fm (6 handlers)
[GIN-debug] GET    /api/v1/user/restore      --> github.com/f1rdavsi/reporter/internal/handler.(*Handler).RestoreUser-fm (6 handlers)
[GIN-debug] DELETE /api/v1/user/delete       --> github.com/f1rdavsi/reporter/internal/handler.(*Handler).DeleteUser-fm (6 handlers)
[GIN-debug] PATCH  /api/v1/user/change       --> github.com/f1rdavsi/reporter/internal/handler.(*Handler).ChangePictureUser-fm (6 handlers)
[GIN-debug] PATCH  /api/v1/user/upload       --> github.com/f1rdavsi/reporter/internal/handler.(*Handler).UploadUserPicture-fm (6 handlers)
[GIN-debug] GET    /api/v1/account/          --> github.com/f1rdavsi/reporter/internal/handler.(*Handler).GetAllAccounts-fm (6 handlers)
[GIN-debug] GET    /api/v1/account/:id       --> github.com/f1rdavsi/reporter/internal/handler.(*Handler).GetAccount-fm (6 handlers)
[GIN-debug] POST   /api/v1/account/          --> github.com/f1rdavsi/reporter/internal/handler.(*Handler).CreateAccount-fm (6 handlers)
[GIN-debug] PUT    /api/v1/account/:id       --> github.com/f1rdavsi/reporter/internal/handler.(*Handler).UpdateAccount-fm (6 handlers)
[GIN-debug] GET    /api/v1/account/:id/restore --> github.com/f1rdavsi/reporter/internal/handler.(*Handler).RestoreAccount-fm (6 handlers)
[GIN-debug] DELETE /api/v1/account/:id       --> github.com/f1rdavsi/reporter/internal/handler.(*Handler).DeleteAccount-fm (6 handlers)
[GIN-debug] PATCH  /api/v1/account/:id/change --> github.com/f1rdavsi/reporter/internal/handler.(*Handler).ChangePictureAccount-fm (6 handlers)
[GIN-debug] PATCH  /api/v1/account/:id/upload --> github.com/f1rdavsi/reporter/internal/handler.(*Handler).UploadAccountPicture-fm (6 handlers)
[GIN-debug] POST   /api/v1/category/         --> github.com/f1rdavsi/reporter/internal/handler.(*Handler).CreateCategory-fm (5 handlers)
[GIN-debug] GET    /api/v1/category/         --> github.com/f1rdavsi/reporter/internal/handler.(*Handler).GetCategories-fm (5 handlers)
[GIN-debug] GET    /api/v1/category/:id      --> github.com/f1rdavsi/reporter/internal/handler.(*Handler).GetCategory-fm (5 handlers)
[GIN-debug] PUT    /api/v1/category/:id      --> github.com/f1rdavsi/reporter/internal/handler.(*Handler).UpdateCategory-fm (5 handlers)
[GIN-debug] PATCH  /api/v1/category/:id/upload --> github.com/f1rdavsi/reporter/internal/handler.(*Handler).UploadPictureCategory-fm (5 handlers)
[GIN-debug] PATCH  /api/v1/category/:id/change --> github.com/f1rdavsi/reporter/internal/handler.(*Handler).ChangePictureCategory-fm (5 handlers)
[GIN-debug] DELETE /api/v1/category/:id/delete --> github.com/f1rdavsi/reporter/internal/handler.(*Handler).DeleteCategory-fm (5 handlers)
[GIN-debug] GET    /api/v1/category/:id/restore --> github.com/f1rdavsi/reporter/internal/handler.(*Handler).RestoreCategory-fm (5 handlers)
[GIN-debug] GET    /api/v1/transaction/      --> github.com/f1rdavsi/reporter/internal/handler.(*Handler).GetTransactions-fm (6 handlers)
[GIN-debug] GET    /api/v1/transaction/:id   --> github.com/f1rdavsi/reporter/internal/handler.(*Handler).GetTransaction-fm (6 handlers)
[GIN-debug] POST   /api/v1/transaction/      --> github.com/f1rdavsi/reporter/internal/handler.(*Handler).CreateTransaction-fm (6 handlers)
[GIN-debug] PATCH  /api/v1/transaction/      --> github.com/f1rdavsi/reporter/internal/handler.(*Handler).UpdateTransaction-fm (6 handlers)
[GIN-debug] POST   /api/v1/report/?page      --> github.com/f1rdavsi/reporter/internal/handler.(*Handler).GetReport-fm (6 handlers)
[GIN-debug] [WARNING] Creating an Engine instance with the Logger and Recovery middleware already attached.

[GIN-debug] [WARNING] Running in "debug" mode. Switch to "release" mode in production.
 - using env:	export GIN_MODE=release
 - using code:	gin.SetMode(gin.ReleaseMode)

[GIN-debug] GET    /                         --> github.com/f1rdavsi/reporter/internal/handler.(*Handler).InitRoutes.func1 (5 handlers)
[GIN-debug] POST   /api/v1/auth/register     --> github.com/f1rdavsi/reporter/internal/handler.(*Handler).SignUp-fm (5 handlers)
[GIN-debug] POST   /api/v1/auth/login        --> github.com/f1rdavsi/reporter/internal/handler.(*Handler).signIn-fm (5 handlers)
[GIN-debug] GET    /api/v1/user/             --> github.com/f1rdavsi/reporter/internal/handler.(*Handler).GetUser-fm (6 handlers)
[GIN-debug] PUT    /api/v1/user/             --> github.com/f1rdavsi/reporter/internal/handler.(*Handler).UpdateUser-fm (6 handlers)
[GIN-debug] GET    /api/v1/user/restore      --> github.com/f1rdavsi/reporter/internal/handler.(*Handler).RestoreUser-fm (6 handlers)
[GIN-debug] DELETE /api/v1/user/delete       --> github.com/f1rdavsi/reporter/internal/handler.(*Handler).DeleteUser-fm (6 handlers)
[GIN-debug] PATCH  /api/v1/user/change       --> github.com/f1rdavsi/reporter/internal/handler.(*Handler).ChangePictureUser-fm (6 handlers)
[GIN-debug] PATCH  /api/v1/user/upload       --> github.com/f1rdavsi/reporter/internal/handler.(*Handler).UploadUserPicture-fm (6 handlers)
[GIN-debug] GET    /api/v1/account/          --> github.com/f1rdavsi/reporter/internal/handler.(*Handler).GetAllAccounts-fm (6 handlers)
[GIN-debug] GET    /api/v1/account/:id       --> github.com/f1rdavsi/reporter/internal/handler.(*Handler).GetAccount-fm (6 handlers)
[GIN-debug] POST   /api/v1/account/          --> github.com/f1rdavsi/reporter/internal/handler.(*Handler).CreateAccount-fm (6 handlers)
[GIN-debug] PUT    /api/v1/account/:id       --> github.com/f1rdavsi/reporter/internal/handler.(*Handler).UpdateAccount-fm (6 handlers)
[GIN-debug] GET    /api/v1/account/:id/restore --> github.com/f1rdavsi/reporter/internal/handler.(*Handler).RestoreAccount-fm (6 handlers)
[GIN-debug] DELETE /api/v1/account/:id       --> github.com/f1rdavsi/reporter/internal/handler.(*Handler).DeleteAccount-fm (6 handlers)
[GIN-debug] PATCH  /api/v1/account/:id/change --> github.com/f1rdavsi/reporter/internal/handler.(*Handler).ChangePictureAccount-fm (6 handlers)
[GIN-debug] PATCH  /api/v1/account/:id/upload --> github.com/f1rdavsi/reporter/internal/handler.(*Handler).UploadAccountPicture-fm (6 handlers)
[GIN-debug] POST   /api/v1/category/         --> github.com/f1rdavsi/reporter/internal/handler.(*Handler).CreateCategory-fm (5 handlers)
[GIN-debug] GET    /api/v1/category/         --> github.com/f1rdavsi/reporter/internal/handler.(*Handler).GetCategories-fm (5 handlers)
[GIN-debug] GET    /api/v1/category/:id      --> github.com/f1rdavsi/reporter/internal/handler.(*Handler).GetCategory-fm (5 handlers)
[GIN-debug] PUT    /api/v1/category/:id      --> github.com/f1rdavsi/reporter/internal/handler.(*Handler).UpdateCategory-fm (5 handlers)
[GIN-debug] PATCH  /api/v1/category/:id/upload --> github.com/f1rdavsi/reporter/internal/handler.(*Handler).UploadPictureCategory-fm (5 handlers)
[GIN-debug] PATCH  /api/v1/category/:id/change --> github.com/f1rdavsi/reporter/internal/handler.(*Handler).ChangePictureCategory-fm (5 handlers)
[GIN-debug] DELETE /api/v1/category/:id/delete --> github.com/f1rdavsi/reporter/internal/handler.(*Handler).DeleteCategory-fm (5 handlers)
[GIN-debug] GET    /api/v1/category/:id/restore --> github.com/f1rdavsi/reporter/internal/handler.(*Handler).RestoreCategory-fm (5 handlers)
[GIN-debug] GET    /api/v1/transaction/      --> github.com/f1rdavsi/reporter/internal/handler.(*Handler).GetTransactions-fm (6 handlers)
[GIN-debug] GET    /api/v1/transaction/:id   --> github.com/f1rdavsi/reporter/internal/handler.(*Handler).GetTransaction-fm (6 handlers)
[GIN-debug] POST   /api/v1/transaction/      --> github.com/f1rdavsi/reporter/internal/handler.(*Handler).CreateTransaction-fm (6 handlers)
[GIN-debug] PATCH  /api/v1/transaction/      --> github.com/f1rdavsi/reporter/internal/handler.(*Handler).UpdateTransaction-fm (6 handlers)
[GIN-debug] POST   /api/v1/report/?page      --> github.com/f1rdavsi/reporter/internal/handler.(*Handler).GetReport-fm (6 handlers)
[GIN-debug] [WARNING] Creating an Engine instance with the Logger and Recovery middleware already attached.

[GIN-debug] [WARNING] Running in "debug" mode. Switch to "release" mode in production.
 - using env:	export GIN_MODE=release
 - using code:	gin.SetMode(gin.ReleaseMode)

[GIN-debug] GET    /                         --> github.com/f1rdavsi/reporter/internal/handler.(*Handler).InitRoutes.func1 (5 handlers)
[GIN-debug] POST   /api/v1/auth/register     --> github.com/f1rdavsi/reporter/internal/handler.(*Handler).SignUp-fm (5 handlers)
[GIN-debug] POST   /api/v1/auth/login        --> github.com/f1rdavsi/reporter/internal/handler.(*Handler).signIn-fm (5 handlers)
[GIN-debug] GET    /api/v1/user/             --> github.com/f1rdavsi/reporter/internal/handler.(*Handler).GetUser-fm (6 handlers)
[GIN-debug] PUT    /api/v1/user/             --> github.com/f1rdavsi/reporter/internal/handler.(*Handler).UpdateUser-fm (6 handlers)
[GIN-debug] GET    /api/v1/user/restore      --> github.com/f1rdavsi/reporter/internal/handler.(*Handler).RestoreUser-fm (6 handlers)
[GIN-debug] DELETE /api/v1/user/delete       --> github.com/f1rdavsi/reporter/internal/handler.(*Handler).DeleteUser-fm (6 handlers)
[GIN-debug] PATCH  /api/v1/user/change       --> github.com/f1rdavsi/reporter/internal/handler.(*Handler).ChangePictureUser-fm (6 handlers)
[GIN-debug] PATCH  /api/v1/user/upload       --> github.com/f1rdavsi/reporter/internal/handler.(*Handler).UploadUserPicture-fm (6 handlers)
[GIN-debug] GET    /api/v1/account/          --> github.com/f1rdavsi/reporter/internal/handler.(*Handler).GetAllAccounts-fm (6 handlers)
[GIN-debug] GET    /api/v1/account/:id       --> github.com/f1rdavsi/reporter/internal/handler.(*Handler).GetAccount-fm (6 handlers)
[GIN-debug] POST   /api/v1/account/          --> github.com/f1rdavsi/reporter/internal/handler.(*Handler).CreateAccount-fm (6 handlers)
[GIN-debug] PUT    /api/v1/account/:id       --> github.com/f1rdavsi/reporter/internal/handler.(*Handler).UpdateAccount-fm (6 handlers)
[GIN-debug] GET    /api/v1/account/:id/restore --> github.com/f1rdavsi/reporter/internal/handler.(*Handler).RestoreAccount-fm (6 handlers)
[GIN-debug] DELETE /api/v1/account/:id       --> github.com/f1rdavsi/reporter/internal/handler.(*Handler).DeleteAccount-fm (6 handlers)
[GIN-debug] PATCH  /api/v1/account/:id/change --> github.com/f1rdavsi/reporter/internal/handler.(*Handler).ChangePictureAccount-fm (6 handlers)
[GIN-debug] PATCH  /api/v1/account/:id/upload --> github.com/f1rdavsi/reporter/internal/handler.(*Handler).UploadAccountPicture-fm (6 handlers)
[GIN-debug] POST   /api/v1/category/         --> github.com/f1rdavsi/reporter/internal/handler.(*Handler).CreateCategory-fm (5 handlers)
[GIN-debug] GET    /api/v1/category/         --> github.com/f1rdavsi/reporter/internal/handler.(*Handler).GetCategories-fm (5 handlers)
[GIN-debug] GET    /api/v1/category/:id      --> github.com/f1rdavsi/reporter/internal/handler.(*Handler).GetCategory-fm (5 handlers)
[GIN-debug] PUT    /api/v1/category/:id      --> github.com/f1rdavsi/reporter/internal/handler.(*Handler).UpdateCategory-fm (5 handlers)
[GIN-debug] PATCH  /api/v1/category/:id/upload --> github.com/f1rdavsi/reporter/internal/handler.(*Handler).UploadPictureCategory-fm (5 handlers)
[GIN-debug] PATCH  /api/v1/category/:id/change --> github.com/f1rdavsi/reporter/internal/handler.(*Handler).ChangePictureCategory-fm (5 handlers)
[GIN-debug] DELETE /api/v1/category/:id/delete --> github.com/f1rdavsi/reporter/internal/handler.(*Handler).DeleteCategory-fm (5 handlers)
[GIN-debug] GET    /api/v1/category/:id/restore --> github.com/f1rdavsi/reporter/internal/handler.(*Handler).RestoreCategory-fm (5 handlers)
[GIN-debug] GET    /api/v1/transaction/      --> github.com/f1rdavsi/reporter/internal/handler.(*Handler).GetTransactions-fm (6 handlers)
[GIN-debug] GET    /api/v1/transaction/:id   --> github.com/f1rdavsi/reporter/internal/handler.(*Handler).GetTransaction-fm (6 handlers)
[GIN-debug] POST   /api/v1/transaction/      --> github.com/f1rdavsi/reporter/internal/handler.(*Handler).CreateTransaction-fm (6 handlers)
[GIN-debug] PATCH  /api/v1/transaction/      --> github.com/f1rdavsi/reporter/internal/handler.(*Handler).UpdateTransaction-fm (6 handlers)
[GIN-debug] POST   /api/v1/report/?page      --> github.com/f1rdavsi/reporter/internal/handler.(*Handler).GetReport-fm (6 handlers)
[GIN-debug] [WARNING] Creating an Engine instance with the Logger and Recovery middleware already attached.

[GIN-debug] [WARNING] Running in "debug" mode. Switch to "release" mode in production.
 - using env:	export GIN_MODE=release
 - using code:	gin.SetMode(gin.ReleaseMode)

[GIN-debug] GET    /                         --> github.com/f1rdavsi/reporter/internal/handler.(*Handler).InitRoutes.func1 (5 handlers)
[GIN-debug] POST   /api/v1/auth/register     --> github.com/f1rdavsi/reporter/internal/handler.(*Handler).SignUp-fm (5 handlers)
[GIN-debug] POST   /api/v1/auth/login        --> github.com/f1rdavsi/reporter/internal/handler.(*Handler).signIn-fm (5 handlers)
[GIN-debug] GET    /api/v1/user/             --> github.com/f1rdavsi/reporter/internal/handler.(*Handler).GetUser-fm (6 handlers)
[GIN-debug] PUT    /api/v1/user/             --> github.com/f1rdavsi/reporter/internal/handler.(*Handler).UpdateUser-fm (6 handlers)
[GIN-debug] GET    /api/v1/user/restore      --> github.com/f1rdavsi/reporter/internal/handler.(*Handler).RestoreUser-fm (6 handlers)
[GIN-debug] DELETE /api/v1/user/delete       --> github.com/f1rdavsi/reporter/internal/handler.(*Handler).DeleteUser-fm (6 handlers)
[GIN-debug] PATCH  /api/v1/user/change       --> github.com/f1rdavsi/reporter/internal/handler.(*Handler).ChangePictureUser-fm (6 handlers)
[GIN-debug] PATCH  /api/v1/user/upload       --> github.com/f1rdavsi/reporter/internal/handler.(*Handler).UploadUserPicture-fm (6 handlers)
[GIN-debug] GET    /api/v1/account/          --> github.com/f1rdavsi/reporter/internal/handler.(*Handler).GetAllAccounts-fm (6 handlers)
[GIN-debug] GET    /api/v1/account/:id       --> github.com/f1rdavsi/reporter/internal/handler.(*Handler).GetAccount-fm (6 handlers)
[GIN-debug] POST   /api/v1/account/          --> github.com/f1rdavsi/reporter/internal/handler.(*Handler).CreateAccount-fm (6 handlers)
[GIN-debug] PUT    /api/v1/account/:id       --> github.com/f1rdavsi/reporter/internal/handler.(*Handler).UpdateAccount-fm (6 handlers)
[GIN-debug] GET    /api/v1/account/:id/restore --> github.com/f1rdavsi/reporter/internal/handler.(*Handler).RestoreAccount-fm (6 handlers)
[GIN-debug] DELETE /api/v1/account/:id       --> github.com/f1rdavsi/reporter/internal/handler.(*Handler).DeleteAccount-fm (6 handlers)
[GIN-debug] PATCH  /api/v1/account/:id/change --> github.com/f1rdavsi/reporter/internal/handler.(*Handler).ChangePictureAccount-fm (6 handlers)
[GIN-debug] PATCH  /api/v1/account/:id/upload --> github.com/f1rdavsi/reporter/internal/handler.(*Handler).UploadAccountPicture-fm (6 handlers)
[GIN-debug] POST   /api/v1/category/         --> github.com/f1rdavsi/reporter/internal/handler.(*Handler).CreateCategory-fm (5 handlers)
[GIN-debug] GET    /api/v1/category/         --> github.com/f1rdavsi/reporter/internal/handler.(*Handler).GetCategories-fm (5 handlers)
[GIN-debug] GET    /api/v1/category/:id      --> github.com/f1rdavsi/reporter/internal/handler.(*Handler).GetCategory-fm (5 handlers)
[GIN-debug] PUT    /api/v1/category/:id      --> github.com/f1rdavsi/reporter/internal/handler.(*Handler).UpdateCategory-fm (5 handlers)
[GIN-debug] PATCH  /api/v1/category/:id/upload --> github.com/f1rdavsi/reporter/internal/handler.(*Handler).UploadPictureCategory-fm (5 handlers)
[GIN-debug] PATCH  /api/v1/category/:id/change --> github.com/f1rdavsi/reporter/internal/handler.(*Handler).ChangePictureCategory-fm (5 handlers)
[GIN-debug] DELETE /api/v1/category/:id/delete --> github.com/f1rdavsi/reporter/internal/handler.(*Handler).DeleteCategory-fm (5 handlers)
[GIN-debug] GET    /api/v1/category/:id/restore --> github.com/f1rdavsi/reporter/internal/handler.(*Handler).RestoreCategory-fm (5 handlers)
[GIN-debug] GET    /api/v1/transaction/      --> github.com/f1rdavsi/reporter/internal/handler.(*Handler).GetTransactions-fm (6 handlers)
[GIN-debug] GET    /api/v1/transaction/:id   --> github.com/f1rdavsi/reporter/internal/handler.(*Handler).GetTransaction-fm (6 handlers)
[GIN-debug] POST   /api/v1/transaction/      --> github.com/f1rdavsi/reporter/internal/handler.(*Handler).CreateTransaction-fm (6 handlers)
[GIN-debug] PATCH  /api/v1/transaction/      --> github.com/f1rdavsi/reporter/internal/handler.(*Handler).UpdateTransaction-fm (6 handlers)
[GIN-debug] POST   /api/v1/report/?page      --> github.com/f1rdavsi/reporter/internal/handler.(*Handler).GetReport-fm (6 handlers)
[GIN] 2024/05/13 - 16:09:36 | 201 |   70.551696ms |       127.0.0.1 | POST     "/api/v1/auth/register"
[GIN] 2024/05/13 - 16:09:41 | 200 |   59.796639ms |       127.0.0.1 | POST     "/api/v1/auth/login"
[GIN] 2024/05/13 - 16:10:02 | 401 |    6.570272ms |       127.0.0.1 | DELETE   "/api/v1/user/delete"
[GIN-debug] [WARNING] Creating an Engine instance with the Logger and Recovery middleware already attached.

[GIN-debug] [WARNING] Running in "debug" mode. Switch to "release" mode in production.
 - using env:	export GIN_MODE=release
 - using code:	gin.SetMode(gin.ReleaseMode)

[GIN-debug] GET    /                         --> github.com/f1rdavsi/reporter/internal/handler.(*Handler).InitRoutes.func1 (5 handlers)
[GIN-debug] POST   /api/v1/auth/register     --> github.com/f1rdavsi/reporter/internal/handler.(*Handler).SignUp-fm (5 handlers)
[GIN-debug] POST   /api/v1/auth/login        --> github.com/f1rdavsi/reporter/internal/handler.(*Handler).signIn-fm (5 handlers)
[GIN-debug] GET    /api/v1/user/             --> github.com/f1rdavsi/reporter/internal/handler.(*Handler).GetUser-fm (6 handlers)
[GIN-debug] PUT    /api/v1/user/             --> github.com/f1rdavsi/reporter/internal/handler.(*Handler).UpdateUser-fm (6 handlers)
[GIN-debug] GET    /api/v1/user/restore      --> github.com/f1rdavsi/reporter/internal/handler.(*Handler).RestoreUser-fm (6 handlers)
[GIN-debug] DELETE /api/v1/user/delete       --> github.com/f1rdavsi/reporter/internal/handler.(*Handler).DeleteUser-fm (6 handlers)
[GIN-debug] PATCH  /api/v1/user/change       --> github.com/f1rdavsi/reporter/internal/handler.(*Handler).ChangePictureUser-fm (6 handlers)
[GIN-debug] PATCH  /api/v1/user/upload       --> github.com/f1rdavsi/reporter/internal/handler.(*Handler).UploadUserPicture-fm (6 handlers)
[GIN-debug] GET    /api/v1/account/          --> github.com/f1rdavsi/reporter/internal/handler.(*Handler).GetAllAccounts-fm (6 handlers)
[GIN-debug] GET    /api/v1/account/:id       --> github.com/f1rdavsi/reporter/internal/handler.(*Handler).GetAccount-fm (6 handlers)
[GIN-debug] POST   /api/v1/account/          --> github.com/f1rdavsi/reporter/internal/handler.(*Handler).CreateAccount-fm (6 handlers)
[GIN-debug] PUT    /api/v1/account/:id       --> github.com/f1rdavsi/reporter/internal/handler.(*Handler).UpdateAccount-fm (6 handlers)
[GIN-debug] GET    /api/v1/account/:id/restore --> github.com/f1rdavsi/reporter/internal/handler.(*Handler).RestoreAccount-fm (6 handlers)
[GIN-debug] DELETE /api/v1/account/:id       --> github.com/f1rdavsi/reporter/internal/handler.(*Handler).DeleteAccount-fm (6 handlers)
[GIN-debug] PATCH  /api/v1/account/:id/change --> github.com/f1rdavsi/reporter/internal/handler.(*Handler).ChangePictureAccount-fm (6 handlers)
[GIN-debug] PATCH  /api/v1/account/:id/upload --> github.com/f1rdavsi/reporter/internal/handler.(*Handler).UploadAccountPicture-fm (6 handlers)
[GIN-debug] POST   /api/v1/category/         --> github.com/f1rdavsi/reporter/internal/handler.(*Handler).CreateCategory-fm (5 handlers)
[GIN-debug] GET    /api/v1/category/         --> github.com/f1rdavsi/reporter/internal/handler.(*Handler).GetCategories-fm (5 handlers)
[GIN-debug] GET    /api/v1/category/:id      --> github.com/f1rdavsi/reporter/internal/handler.(*Handler).GetCategory-fm (5 handlers)
[GIN-debug] PUT    /api/v1/category/:id      --> github.com/f1rdavsi/reporter/internal/handler.(*Handler).UpdateCategory-fm (5 handlers)
[GIN-debug] PATCH  /api/v1/category/:id/upload --> github.com/f1rdavsi/reporter/internal/handler.(*Handler).UploadPictureCategory-fm (5 handlers)
[GIN-debug] PATCH  /api/v1/category/:id/change --> github.com/f1rdavsi/reporter/internal/handler.(*Handler).ChangePictureCategory-fm (5 handlers)
[GIN-debug] DELETE /api/v1/category/:id/delete --> github.com/f1rdavsi/reporter/internal/handler.(*Handler).DeleteCategory-fm (5 handlers)
[GIN-debug] GET    /api/v1/category/:id/restore --> github.com/f1rdavsi/reporter/internal/handler.(*Handler).RestoreCategory-fm (5 handlers)
[GIN-debug] GET    /api/v1/transaction/      --> github.com/f1rdavsi/reporter/internal/handler.(*Handler).GetTransactions-fm (6 handlers)
[GIN-debug] GET    /api/v1/transaction/:id   --> github.com/f1rdavsi/reporter/internal/handler.(*Handler).GetTransaction-fm (6 handlers)
[GIN-debug] POST   /api/v1/transaction/      --> github.com/f1rdavsi/reporter/internal/handler.(*Handler).CreateTransaction-fm (6 handlers)
[GIN-debug] PATCH  /api/v1/transaction/      --> github.com/f1rdavsi/reporter/internal/handler.(*Handler).UpdateTransaction-fm (6 handlers)
[GIN-debug] POST   /api/v1/report/?page      --> github.com/f1rdavsi/reporter/internal/handler.(*Handler).GetReport-fm (6 handlers)
[GIN] 2024/05/13 - 16:16:53 | 500 |   63.855487ms |       127.0.0.1 | POST     "/api/v1/auth/register"
[GIN] 2024/05/13 - 16:17:03 | 200 |   64.838205ms |       127.0.0.1 | POST     "/api/v1/auth/login"
[GIN] 2024/05/13 - 16:21:09 | 200 |   61.061514ms |       127.0.0.1 | POST     "/api/v1/auth/login"
[GIN-debug] [WARNING] Creating an Engine instance with the Logger and Recovery middleware already attached.

[GIN-debug] [WARNING] Running in "debug" mode. Switch to "release" mode in production.
 - using env:	export GIN_MODE=release
 - using code:	gin.SetMode(gin.ReleaseMode)

[GIN-debug] GET    /                         --> github.com/f1rdavsi/reporter/internal/handler.(*Handler).InitRoutes.func1 (5 handlers)
[GIN-debug] POST   /api/v1/auth/register     --> github.com/f1rdavsi/reporter/internal/handler.(*Handler).SignUp-fm (5 handlers)
[GIN-debug] POST   /api/v1/auth/login        --> github.com/f1rdavsi/reporter/internal/handler.(*Handler).signIn-fm (5 handlers)
[GIN-debug] GET    /api/v1/user/             --> github.com/f1rdavsi/reporter/internal/handler.(*Handler).GetUser-fm (6 handlers)
[GIN-debug] PUT    /api/v1/user/             --> github.com/f1rdavsi/reporter/internal/handler.(*Handler).UpdateUser-fm (6 handlers)
[GIN-debug] GET    /api/v1/user/restore      --> github.com/f1rdavsi/reporter/internal/handler.(*Handler).RestoreUser-fm (6 handlers)
[GIN-debug] DELETE /api/v1/user/delete       --> github.com/f1rdavsi/reporter/internal/handler.(*Handler).DeleteUser-fm (6 handlers)
[GIN-debug] PATCH  /api/v1/user/change       --> github.com/f1rdavsi/reporter/internal/handler.(*Handler).ChangePictureUser-fm (6 handlers)
[GIN-debug] PATCH  /api/v1/user/upload       --> github.com/f1rdavsi/reporter/internal/handler.(*Handler).UploadUserPicture-fm (6 handlers)
[GIN-debug] GET    /api/v1/account/          --> github.com/f1rdavsi/reporter/internal/handler.(*Handler).GetAllAccounts-fm (6 handlers)
[GIN-debug] GET    /api/v1/account/:id       --> github.com/f1rdavsi/reporter/internal/handler.(*Handler).GetAccount-fm (6 handlers)
[GIN-debug] POST   /api/v1/account/          --> github.com/f1rdavsi/reporter/internal/handler.(*Handler).CreateAccount-fm (6 handlers)
[GIN-debug] PUT    /api/v1/account/:id       --> github.com/f1rdavsi/reporter/internal/handler.(*Handler).UpdateAccount-fm (6 handlers)
[GIN-debug] GET    /api/v1/account/:id/restore --> github.com/f1rdavsi/reporter/internal/handler.(*Handler).RestoreAccount-fm (6 handlers)
[GIN-debug] DELETE /api/v1/account/:id       --> github.com/f1rdavsi/reporter/internal/handler.(*Handler).DeleteAccount-fm (6 handlers)
[GIN-debug] PATCH  /api/v1/account/:id/change --> github.com/f1rdavsi/reporter/internal/handler.(*Handler).ChangePictureAccount-fm (6 handlers)
[GIN-debug] PATCH  /api/v1/account/:id/upload --> github.com/f1rdavsi/reporter/internal/handler.(*Handler).UploadAccountPicture-fm (6 handlers)
[GIN-debug] POST   /api/v1/category/         --> github.com/f1rdavsi/reporter/internal/handler.(*Handler).CreateCategory-fm (5 handlers)
[GIN-debug] GET    /api/v1/category/         --> github.com/f1rdavsi/reporter/internal/handler.(*Handler).GetCategories-fm (5 handlers)
[GIN-debug] GET    /api/v1/category/:id      --> github.com/f1rdavsi/reporter/internal/handler.(*Handler).GetCategory-fm (5 handlers)
[GIN-debug] PUT    /api/v1/category/:id      --> github.com/f1rdavsi/reporter/internal/handler.(*Handler).UpdateCategory-fm (5 handlers)
[GIN-debug] PATCH  /api/v1/category/:id/upload --> github.com/f1rdavsi/reporter/internal/handler.(*Handler).UploadPictureCategory-fm (5 handlers)
[GIN-debug] PATCH  /api/v1/category/:id/change --> github.com/f1rdavsi/reporter/internal/handler.(*Handler).ChangePictureCategory-fm (5 handlers)
[GIN-debug] DELETE /api/v1/category/:id/delete --> github.com/f1rdavsi/reporter/internal/handler.(*Handler).DeleteCategory-fm (5 handlers)
[GIN-debug] GET    /api/v1/category/:id/restore --> github.com/f1rdavsi/reporter/internal/handler.(*Handler).RestoreCategory-fm (5 handlers)
[GIN-debug] GET    /api/v1/transaction/      --> github.com/f1rdavsi/reporter/internal/handler.(*Handler).GetTransactions-fm (6 handlers)
[GIN-debug] GET    /api/v1/transaction/:id   --> github.com/f1rdavsi/reporter/internal/handler.(*Handler).GetTransaction-fm (6 handlers)
[GIN-debug] POST   /api/v1/transaction/      --> github.com/f1rdavsi/reporter/internal/handler.(*Handler).CreateTransaction-fm (6 handlers)
[GIN-debug] PATCH  /api/v1/transaction/      --> github.com/f1rdavsi/reporter/internal/handler.(*Handler).UpdateTransaction-fm (6 handlers)
[GIN-debug] POST   /api/v1/report/?page      --> github.com/f1rdavsi/reporter/internal/handler.(*Handler).GetReport-fm (6 handlers)
[GIN-debug] redirecting request 301: /api/v1/transaction/ --> /api/v1/transaction/
[GIN] 2024/05/13 - 16:34:16 | 401 |      205.64µs |       127.0.0.1 | GET      "/api/v1/transaction/"
[GIN] 2024/05/13 - 16:34:27 | 401 |     177.223µs |       127.0.0.1 | POST     "/api/v1/transaction/"
[GIN] 2024/05/13 - 16:34:35 | 500 |   62.737301ms |       127.0.0.1 | POST     "/api/v1/auth/register"
[GIN] 2024/05/13 - 16:35:04 | 200 |   63.903475ms |       127.0.0.1 | POST     "/api/v1/auth/login?eyJhbGciOiJIUzI1NiIsInR5cCI6IkpXVCJ9.eyJleHAiOjE3MTU2MDY0NjksImlhdCI6MTcxNTU5OTI2OSwiVXNlcklEIjoxfQ.yMUXgxzyKTxzH0sf_TkDnuXG7xM4s4fAD0FmgIHI9PU"
[GIN-debug] redirecting request 301: /api/v1/user/ --> /api/v1/user/
[GIN] 2024/05/13 - 16:35:14 | 401 |     103.547µs |       127.0.0.1 | GET      "/api/v1/user/"
[GIN] 2024/05/13 - 16:38:29 | 500 |    63.02325ms |       127.0.0.1 | POST     "/api/v1/auth/register"
[GIN] 2024/05/13 - 16:40:17 | 500 |   63.043669ms |       127.0.0.1 | POST     "/api/v1/auth/register"
[GIN-debug] [WARNING] Creating an Engine instance with the Logger and Recovery middleware already attached.

[GIN-debug] [WARNING] Running in "debug" mode. Switch to "release" mode in production.
 - using env:	export GIN_MODE=release
 - using code:	gin.SetMode(gin.ReleaseMode)

[GIN-debug] GET    /                         --> github.com/f1rdavsi/reporter/internal/handler.(*Handler).InitRoutes.func1 (5 handlers)
[GIN-debug] POST   /api/v1/auth/register     --> github.com/f1rdavsi/reporter/internal/handler.(*Handler).SignUp-fm (5 handlers)
[GIN-debug] POST   /api/v1/auth/login        --> github.com/f1rdavsi/reporter/internal/handler.(*Handler).signIn-fm (5 handlers)
[GIN-debug] GET    /api/v1/user/             --> github.com/f1rdavsi/reporter/internal/handler.(*Handler).GetUser-fm (6 handlers)
[GIN-debug] PUT    /api/v1/user/             --> github.com/f1rdavsi/reporter/internal/handler.(*Handler).UpdateUser-fm (6 handlers)
[GIN-debug] GET    /api/v1/user/restore      --> github.com/f1rdavsi/reporter/internal/handler.(*Handler).RestoreUser-fm (6 handlers)
[GIN-debug] DELETE /api/v1/user/delete       --> github.com/f1rdavsi/reporter/internal/handler.(*Handler).DeleteUser-fm (6 handlers)
[GIN-debug] PATCH  /api/v1/user/change       --> github.com/f1rdavsi/reporter/internal/handler.(*Handler).ChangePictureUser-fm (6 handlers)
[GIN-debug] PATCH  /api/v1/user/upload       --> github.com/f1rdavsi/reporter/internal/handler.(*Handler).UploadUserPicture-fm (6 handlers)
[GIN-debug] GET    /api/v1/account/          --> github.com/f1rdavsi/reporter/internal/handler.(*Handler).GetAllAccounts-fm (6 handlers)
[GIN-debug] GET    /api/v1/account/:id       --> github.com/f1rdavsi/reporter/internal/handler.(*Handler).GetAccount-fm (6 handlers)
[GIN-debug] POST   /api/v1/account/          --> github.com/f1rdavsi/reporter/internal/handler.(*Handler).CreateAccount-fm (6 handlers)
[GIN-debug] PUT    /api/v1/account/:id       --> github.com/f1rdavsi/reporter/internal/handler.(*Handler).UpdateAccount-fm (6 handlers)
[GIN-debug] GET    /api/v1/account/:id/restore --> github.com/f1rdavsi/reporter/internal/handler.(*Handler).RestoreAccount-fm (6 handlers)
[GIN-debug] DELETE /api/v1/account/:id       --> github.com/f1rdavsi/reporter/internal/handler.(*Handler).DeleteAccount-fm (6 handlers)
[GIN-debug] PATCH  /api/v1/account/:id/change --> github.com/f1rdavsi/reporter/internal/handler.(*Handler).ChangePictureAccount-fm (6 handlers)
[GIN-debug] PATCH  /api/v1/account/:id/upload --> github.com/f1rdavsi/reporter/internal/handler.(*Handler).UploadAccountPicture-fm (6 handlers)
[GIN-debug] POST   /api/v1/category/         --> github.com/f1rdavsi/reporter/internal/handler.(*Handler).CreateCategory-fm (5 handlers)
[GIN-debug] GET    /api/v1/category/         --> github.com/f1rdavsi/reporter/internal/handler.(*Handler).GetCategories-fm (5 handlers)
[GIN-debug] GET    /api/v1/category/:id      --> github.com/f1rdavsi/reporter/internal/handler.(*Handler).GetCategory-fm (5 handlers)
[GIN-debug] PUT    /api/v1/category/:id      --> github.com/f1rdavsi/reporter/internal/handler.(*Handler).UpdateCategory-fm (5 handlers)
[GIN-debug] PATCH  /api/v1/category/:id/upload --> github.com/f1rdavsi/reporter/internal/handler.(*Handler).UploadPictureCategory-fm (5 handlers)
[GIN-debug] PATCH  /api/v1/category/:id/change --> github.com/f1rdavsi/reporter/internal/handler.(*Handler).ChangePictureCategory-fm (5 handlers)
[GIN-debug] DELETE /api/v1/category/:id/delete --> github.com/f1rdavsi/reporter/internal/handler.(*Handler).DeleteCategory-fm (5 handlers)
[GIN-debug] GET    /api/v1/category/:id/restore --> github.com/f1rdavsi/reporter/internal/handler.(*Handler).RestoreCategory-fm (5 handlers)
[GIN-debug] GET    /api/v1/transaction/      --> github.com/f1rdavsi/reporter/internal/handler.(*Handler).GetTransactions-fm (6 handlers)
[GIN-debug] GET    /api/v1/transaction/:id   --> github.com/f1rdavsi/reporter/internal/handler.(*Handler).GetTransaction-fm (6 handlers)
[GIN-debug] POST   /api/v1/transaction/      --> github.com/f1rdavsi/reporter/internal/handler.(*Handler).CreateTransaction-fm (6 handlers)
[GIN-debug] PATCH  /api/v1/transaction/      --> github.com/f1rdavsi/reporter/internal/handler.(*Handler).UpdateTransaction-fm (6 handlers)
[GIN-debug] POST   /api/v1/report/?page      --> github.com/f1rdavsi/reporter/internal/handler.(*Handler).GetReport-fm (6 handlers)
[GIN] 2024/05/13 - 16:55:14 | 200 |   61.320397ms |       127.0.0.1 | POST     "/api/v1/auth/login?eyJhbGciOiJIUzI1NiIsInR5cCI6IkpXVCJ9.eyJleHAiOjE3MTU2MDY0NjksImlhdCI6MTcxNTU5OTI2OSwiVXNlcklEIjoxfQ.yMUXgxzyKTxzH0sf_TkDnuXG7xM4s4fAD0FmgIHI9PU"
[GIN] 2024/05/13 - 16:55:23 | 500 |   65.983917ms |       127.0.0.1 | POST     "/api/v1/auth/register"
[GIN] 2024/05/13 - 16:56:12 | 200 |   60.811469ms |       127.0.0.1 | POST     "/api/v1/auth/login?eyJhbGciOiJIUzI1NiIsInR5cCI6IkpXVCJ9.eyJleHAiOjE3MTU2MDY0NjksImlhdCI6MTcxNTU5OTI2OSwiVXNlcklEIjoxfQ.yMUXgxzyKTxzH0sf_TkDnuXG7xM4s4fAD0FmgIHI9PU"
[GIN] 2024/05/13 - 16:56:35 | 401 |     151.259µs |       127.0.0.1 | GET      "/api/v1/user/restore"
[GIN-debug] [WARNING] Creating an Engine instance with the Logger and Recovery middleware already attached.

[GIN-debug] [WARNING] Running in "debug" mode. Switch to "release" mode in production.
 - using env:	export GIN_MODE=release
 - using code:	gin.SetMode(gin.ReleaseMode)

[GIN-debug] GET    /                         --> github.com/f1rdavsi/reporter/internal/handler.(*Handler).InitRoutes.func1 (5 handlers)
[GIN-debug] POST   /api/v1/auth/register     --> github.com/f1rdavsi/reporter/internal/handler.(*Handler).SignUp-fm (5 handlers)
[GIN-debug] POST   /api/v1/auth/login        --> github.com/f1rdavsi/reporter/internal/handler.(*Handler).signIn-fm (5 handlers)
[GIN-debug] GET    /api/v1/user/             --> github.com/f1rdavsi/reporter/internal/handler.(*Handler).GetUser-fm (6 handlers)
[GIN-debug] PUT    /api/v1/user/             --> github.com/f1rdavsi/reporter/internal/handler.(*Handler).UpdateUser-fm (6 handlers)
[GIN-debug] GET    /api/v1/user/restore      --> github.com/f1rdavsi/reporter/internal/handler.(*Handler).RestoreUser-fm (6 handlers)
[GIN-debug] DELETE /api/v1/user/delete       --> github.com/f1rdavsi/reporter/internal/handler.(*Handler).DeleteUser-fm (6 handlers)
[GIN-debug] PATCH  /api/v1/user/change       --> github.com/f1rdavsi/reporter/internal/handler.(*Handler).ChangePictureUser-fm (6 handlers)
[GIN-debug] PATCH  /api/v1/user/upload       --> github.com/f1rdavsi/reporter/internal/handler.(*Handler).UploadUserPicture-fm (6 handlers)
[GIN-debug] GET    /api/v1/account/          --> github.com/f1rdavsi/reporter/internal/handler.(*Handler).GetAllAccounts-fm (6 handlers)
[GIN-debug] GET    /api/v1/account/:id       --> github.com/f1rdavsi/reporter/internal/handler.(*Handler).GetAccount-fm (6 handlers)
[GIN-debug] POST   /api/v1/account/          --> github.com/f1rdavsi/reporter/internal/handler.(*Handler).CreateAccount-fm (6 handlers)
[GIN-debug] PUT    /api/v1/account/:id       --> github.com/f1rdavsi/reporter/internal/handler.(*Handler).UpdateAccount-fm (6 handlers)
[GIN-debug] GET    /api/v1/account/:id/restore --> github.com/f1rdavsi/reporter/internal/handler.(*Handler).RestoreAccount-fm (6 handlers)
[GIN-debug] DELETE /api/v1/account/:id       --> github.com/f1rdavsi/reporter/internal/handler.(*Handler).DeleteAccount-fm (6 handlers)
[GIN-debug] PATCH  /api/v1/account/:id/change --> github.com/f1rdavsi/reporter/internal/handler.(*Handler).ChangePictureAccount-fm (6 handlers)
[GIN-debug] PATCH  /api/v1/account/:id/upload --> github.com/f1rdavsi/reporter/internal/handler.(*Handler).UploadAccountPicture-fm (6 handlers)
[GIN-debug] POST   /api/v1/category/         --> github.com/f1rdavsi/reporter/internal/handler.(*Handler).CreateCategory-fm (5 handlers)
[GIN-debug] GET    /api/v1/category/         --> github.com/f1rdavsi/reporter/internal/handler.(*Handler).GetCategories-fm (5 handlers)
[GIN-debug] GET    /api/v1/category/:id      --> github.com/f1rdavsi/reporter/internal/handler.(*Handler).GetCategory-fm (5 handlers)
[GIN-debug] PUT    /api/v1/category/:id      --> github.com/f1rdavsi/reporter/internal/handler.(*Handler).UpdateCategory-fm (5 handlers)
[GIN-debug] PATCH  /api/v1/category/:id/upload --> github.com/f1rdavsi/reporter/internal/handler.(*Handler).UploadPictureCategory-fm (5 handlers)
[GIN-debug] PATCH  /api/v1/category/:id/change --> github.com/f1rdavsi/reporter/internal/handler.(*Handler).ChangePictureCategory-fm (5 handlers)
[GIN-debug] DELETE /api/v1/category/:id/delete --> github.com/f1rdavsi/reporter/internal/handler.(*Handler).DeleteCategory-fm (5 handlers)
[GIN-debug] GET    /api/v1/category/:id/restore --> github.com/f1rdavsi/reporter/internal/handler.(*Handler).RestoreCategory-fm (5 handlers)
[GIN-debug] GET    /api/v1/transaction/      --> github.com/f1rdavsi/reporter/internal/handler.(*Handler).GetTransactions-fm (6 handlers)
[GIN-debug] GET    /api/v1/transaction/:id   --> github.com/f1rdavsi/reporter/internal/handler.(*Handler).GetTransaction-fm (6 handlers)
[GIN-debug] POST   /api/v1/transaction/      --> github.com/f1rdavsi/reporter/internal/handler.(*Handler).CreateTransaction-fm (6 handlers)
[GIN-debug] PATCH  /api/v1/transaction/      --> github.com/f1rdavsi/reporter/internal/handler.(*Handler).UpdateTransaction-fm (6 handlers)
[GIN-debug] POST   /api/v1/report/?page      --> github.com/f1rdavsi/reporter/internal/handler.(*Handler).GetReport-fm (6 handlers)
[GIN] 2024/05/13 - 17:02:46 | 500 |   66.917684ms |       127.0.0.1 | POST     "/api/v1/auth/register"
[GIN] 2024/05/13 - 17:02:51 | 200 |   70.693639ms |       127.0.0.1 | POST     "/api/v1/auth/login?eyJhbGciOiJIUzI1NiIsInR5cCI6IkpXVCJ9.eyJleHAiOjE3MTU2MDY0NjksImlhdCI6MTcxNTU5OTI2OSwiVXNlcklEIjoxfQ.yMUXgxzyKTxzH0sf_TkDnuXG7xM4s4fAD0FmgIHI9PU"
[GIN] 2024/05/13 - 17:06:20 | 500 |   65.523945ms |       127.0.0.1 | POST     "/api/v1/auth/register"
[GIN] 2024/05/13 - 17:07:15 | 200 |   70.221038ms |       127.0.0.1 | POST     "/api/v1/auth/login?eyJhbGciOiJIUzI1NiIsInR5cCI6IkpXVCJ9.eyJleHAiOjE3MTU2MDY0NjksImlhdCI6MTcxNTU5OTI2OSwiVXNlcklEIjoxfQ.yMUXgxzyKTxzH0sf_TkDnuXG7xM4s4fAD0FmgIHI9PU"
[GIN-debug] [WARNING] Creating an Engine instance with the Logger and Recovery middleware already attached.

[GIN-debug] [WARNING] Running in "debug" mode. Switch to "release" mode in production.
 - using env:	export GIN_MODE=release
 - using code:	gin.SetMode(gin.ReleaseMode)

[GIN-debug] GET    /                         --> github.com/f1rdavsi/reporter/internal/handler.(*Handler).InitRoutes.func1 (5 handlers)
[GIN-debug] POST   /api/v1/auth/register     --> github.com/f1rdavsi/reporter/internal/handler.(*Handler).SignUp-fm (5 handlers)
[GIN-debug] POST   /api/v1/auth/login        --> github.com/f1rdavsi/reporter/internal/handler.(*Handler).signIn-fm (5 handlers)
[GIN-debug] GET    /api/v1/user/             --> github.com/f1rdavsi/reporter/internal/handler.(*Handler).GetUser-fm (6 handlers)
[GIN-debug] PUT    /api/v1/user/             --> github.com/f1rdavsi/reporter/internal/handler.(*Handler).UpdateUser-fm (6 handlers)
[GIN-debug] GET    /api/v1/user/restore      --> github.com/f1rdavsi/reporter/internal/handler.(*Handler).RestoreUser-fm (6 handlers)
[GIN-debug] DELETE /api/v1/user/delete       --> github.com/f1rdavsi/reporter/internal/handler.(*Handler).DeleteUser-fm (6 handlers)
[GIN-debug] PATCH  /api/v1/user/change       --> github.com/f1rdavsi/reporter/internal/handler.(*Handler).ChangePictureUser-fm (6 handlers)
[GIN-debug] PATCH  /api/v1/user/upload       --> github.com/f1rdavsi/reporter/internal/handler.(*Handler).UploadUserPicture-fm (6 handlers)
[GIN-debug] GET    /api/v1/account/          --> github.com/f1rdavsi/reporter/internal/handler.(*Handler).GetAllAccounts-fm (6 handlers)
[GIN-debug] GET    /api/v1/account/:id       --> github.com/f1rdavsi/reporter/internal/handler.(*Handler).GetAccount-fm (6 handlers)
[GIN-debug] POST   /api/v1/account/          --> github.com/f1rdavsi/reporter/internal/handler.(*Handler).CreateAccount-fm (6 handlers)
[GIN-debug] PUT    /api/v1/account/:id       --> github.com/f1rdavsi/reporter/internal/handler.(*Handler).UpdateAccount-fm (6 handlers)
[GIN-debug] GET    /api/v1/account/:id/restore --> github.com/f1rdavsi/reporter/internal/handler.(*Handler).RestoreAccount-fm (6 handlers)
[GIN-debug] DELETE /api/v1/account/:id       --> github.com/f1rdavsi/reporter/internal/handler.(*Handler).DeleteAccount-fm (6 handlers)
[GIN-debug] PATCH  /api/v1/account/:id/change --> github.com/f1rdavsi/reporter/internal/handler.(*Handler).ChangePictureAccount-fm (6 handlers)
[GIN-debug] PATCH  /api/v1/account/:id/upload --> github.com/f1rdavsi/reporter/internal/handler.(*Handler).UploadAccountPicture-fm (6 handlers)
[GIN-debug] POST   /api/v1/category/         --> github.com/f1rdavsi/reporter/internal/handler.(*Handler).CreateCategory-fm (5 handlers)
[GIN-debug] GET    /api/v1/category/         --> github.com/f1rdavsi/reporter/internal/handler.(*Handler).GetCategories-fm (5 handlers)
[GIN-debug] GET    /api/v1/category/:id      --> github.com/f1rdavsi/reporter/internal/handler.(*Handler).GetCategory-fm (5 handlers)
[GIN-debug] PUT    /api/v1/category/:id      --> github.com/f1rdavsi/reporter/internal/handler.(*Handler).UpdateCategory-fm (5 handlers)
[GIN-debug] PATCH  /api/v1/category/:id/upload --> github.com/f1rdavsi/reporter/internal/handler.(*Handler).UploadPictureCategory-fm (5 handlers)
[GIN-debug] PATCH  /api/v1/category/:id/change --> github.com/f1rdavsi/reporter/internal/handler.(*Handler).ChangePictureCategory-fm (5 handlers)
[GIN-debug] DELETE /api/v1/category/:id/delete --> github.com/f1rdavsi/reporter/internal/handler.(*Handler).DeleteCategory-fm (5 handlers)
[GIN-debug] GET    /api/v1/category/:id/restore --> github.com/f1rdavsi/reporter/internal/handler.(*Handler).RestoreCategory-fm (5 handlers)
[GIN-debug] GET    /api/v1/transaction/      --> github.com/f1rdavsi/reporter/internal/handler.(*Handler).GetTransactions-fm (6 handlers)
[GIN-debug] GET    /api/v1/transaction/:id   --> github.com/f1rdavsi/reporter/internal/handler.(*Handler).GetTransaction-fm (6 handlers)
[GIN-debug] POST   /api/v1/transaction/      --> github.com/f1rdavsi/reporter/internal/handler.(*Handler).CreateTransaction-fm (6 handlers)
[GIN-debug] PATCH  /api/v1/transaction/      --> github.com/f1rdavsi/reporter/internal/handler.(*Handler).UpdateTransaction-fm (6 handlers)
[GIN-debug] POST   /api/v1/report/?page      --> github.com/f1rdavsi/reporter/internal/handler.(*Handler).GetReport-fm (6 handlers)
[GIN-debug] redirecting request 301: /api/v1/user/ --> /api/v1/user/?
[GIN] 2024/05/13 - 17:21:52 | 401 |     293.929µs |       127.0.0.1 | GET      "/api/v1/user/"
[GIN-debug] redirecting request 307: /api/v1/user/ --> /api/v1/user/
[GIN] 2024/05/13 - 17:21:58 | 401 |      93.249µs |       127.0.0.1 | PUT      "/api/v1/user/"
[GIN] 2024/05/13 - 17:22:02 | 401 |      131.91µs |       127.0.0.1 | DELETE   "/api/v1/user/delete"
[GIN] 2024/05/13 - 17:22:14 | 401 |     121.886µs |       127.0.0.1 | GET      "/api/v1/account/:id"
